# JRE version: OpenJDK Runtime Environment Temurin-11.0.14.1+1 (11.0.14.1+1) (build 11.0.14.1+1)
# Java VM: OpenJDK 64-Bit Server VM Temurin-11.0.14.1+1 (11.0.14.1+1, mixed mode, tiered, compressed oops, g1 gc, bsd-amd64)
Heap:
 garbage-first heap   total 131072K, used 23412K [0x0000000780000000, 0x0000000800000000)
  region size 1024K, 15 young (15360K), 5 survivors (5120K)
 Metaspace       used 30513K, capacity 31706K, committed 32000K, reserved 1077248K
  class space    used 3758K, capacity 4277K, committed 4352K, reserved 1048576K
GC Heap History (8 events):
Event: 1.417 GC heap before
{Heap before GC invocations=0 (full 0):
 garbage-first heap   total 131072K, used 13312K [0x0000000780000000, 0x0000000800000000)
  region size 1024K, 14 young (14336K), 0 survivors (0K)
 Metaspace       used 10304K, capacity 10641K, committed 11008K, reserved 1058816K
  class space    used 1030K, capacity 1170K, committed 1280K, reserved 1048576K
}
Event: 1.426 GC heap after
{Heap after GC invocations=1 (full 0):
 garbage-first heap   total 131072K, used 2782K [0x0000000780000000, 0x0000000800000000)
  region size 1024K, 2 young (2048K), 2 survivors (2048K)
 Metaspace       used 10304K, capacity 10641K, committed 11008K, reserved 1058816K
  class space    used 1030K, capacity 1170K, committed 1280K, reserved 1048576K
}
Event: 1.971 GC heap before
{Heap before GC invocations=1 (full 0):
 garbage-first heap   total 131072K, used 14046K [0x0000000780000000, 0x0000000800000000)
  region size 1024K, 13 young (13312K), 2 survivors (2048K)
 Metaspace       used 15711K, capacity 16217K, committed 16512K, reserved 1064960K
  class space    used 1675K, capacity 1860K, committed 1920K, reserved 1048576K
}
Event: 1.977 GC heap after
{Heap after GC invocations=2 (full 0):
 garbage-first heap   total 131072K, used 4961K [0x0000000780000000, 0x0000000800000000)
  region size 1024K, 2 young (2048K), 2 survivors (2048K)
 Metaspace       used 15711K, capacity 16217K, committed 16512K, reserved 1064960K
  class space    used 1675K, capacity 1860K, committed 1920K, reserved 1048576K
}
Event: 2.376 GC heap before
{Heap before GC invocations=2 (full 0):
 garbage-first heap   total 131072K, used 15201K [0x0000000780000000, 0x0000000800000000)
  region size 1024K, 13 young (13312K), 2 survivors (2048K)
 Metaspace       used 20475K, capacity 21057K, committed 21248K, reserved 1069056K
  class space    used 2282K, capacity 2517K, committed 2560K, reserved 1048576K
}
Event: 2.384 GC heap after
{Heap after GC invocations=3 (full 0):
 garbage-first heap   total 131072K, used 6720K [0x0000000780000000, 0x0000000800000000)
  region size 1024K, 4 young (4096K), 4 survivors (4096K)
 Metaspace       used 20475K, capacity 21057K, committed 21248K, reserved 1069056K
  class space    used 2282K, capacity 2517K, committed 2560K, reserved 1048576K
}
Event: 4.520 GC heap before
{Heap before GC invocations=4 (full 0):
 garbage-first heap   total 131072K, used 43584K [0x0000000780000000, 0x0000000800000000)
  region size 1024K, 35 young (35840K), 4 survivors (4096K)
 Metaspace       used 29384K, capacity 30547K, committed 30592K, reserved 1075200K
  class space    used 3711K, capacity 4219K, committed 4224K, reserved 1048576K
}
Event: 4.532 GC heap after
{Heap after GC invocations=5 (full 0):
 garbage-first heap   total 131072K, used 14196K [0x0000000780000000, 0x0000000800000000)
  region size 1024K, 5 young (5120K), 5 survivors (5120K)
 Metaspace       used 29384K, capacity 30547K, committed 30592K, reserved 1075200K
  class space    used 3711K, capacity 4219K, committed 4224K, reserved 1048576K
}

